<?xml version="1.0" encoding="UTF-8"?>
<!-- Generated by org.testng.reporters.JUnitReportReporter -->
<testsuite hostname="radhakrshnasMBP.attlocal.net" failures="0" tests="1" name="introduction.ApplicationFlow" time="0.015" errors="0" timestamp="2024-04-18T23:43:45 GMT-04:00" skipped="0">
  <testcase classname="introduction.ApplicationFlow" name="negativeTest" time="0.015"/>
  <system-out/>
</testsuite> <!-- introduction.ApplicationFlow -->
